\BOOKMARK [1][-]{section*.1}{Ordinary Differential Equations}{}% 1
\BOOKMARK [2][-]{section*.2}{Linear First-Order ODE}{section*.1}% 2
\BOOKMARK [2][-]{section*.3}{Bernoulli Equations}{section*.1}% 3
\BOOKMARK [2][-]{section*.4}{Second-Order ODE}{section*.1}% 4
\BOOKMARK [3][-]{section*.5}{Homogeous Second-Order ODEs}{section*.4}% 5
\BOOKMARK [3][-]{section*.6}{Case 1: two real solutions 1 and 2}{section*.4}% 6
\BOOKMARK [3][-]{section*.7}{Case 2: one real solution }{section*.4}% 7
\BOOKMARK [3][-]{section*.8}{Case 3: complex solutions i}{section*.4}% 8
\BOOKMARK [3][-]{section*.9}{Nonhomogenous Second-Order ODEs}{section*.4}% 9
\BOOKMARK [3][-]{section*.10}{Method of Undetermined Coefficients}{section*.4}% 10
\BOOKMARK [3][-]{section*.11}{Variation of Parameters}{section*.4}% 11
\BOOKMARK [1][-]{section*.12}{Mathematical Modelling}{}% 12
\BOOKMARK [2][-]{section*.13}{Euler's Bending Equation}{section*.12}% 13
\BOOKMARK [2][-]{section*.14}{Malthus Model of Population}{section*.12}% 14
\BOOKMARK [1][-]{section*.15}{Laplace Transform}{}% 15
\BOOKMARK [1][-]{section*.16}{Trigonometric Identities}{}% 16
\BOOKMARK [2][-]{section*.17}{Hyperbolic Functions}{section*.16}% 17
\BOOKMARK [2][-]{section*.18}{Pythagorean Identities}{section*.16}% 18
\BOOKMARK [2][-]{section*.19}{Sum and Difference Formulae}{section*.16}% 19
\BOOKMARK [2][-]{section*.20}{Double Angle Formulae}{section*.16}% 20
\BOOKMARK [2][-]{section*.21}{Half Angle Identities}{section*.16}% 21
\BOOKMARK [2][-]{section*.22}{Sum \040Product Identities}{section*.16}% 22
\BOOKMARK [2][-]{section*.23}{Product \040Sum Identities}{section*.16}% 23
\BOOKMARK [2][-]{section*.24}{Parity Identities}{section*.16}% 24
